personal_ws-1.1 en 273 
ABNF
ACM
APIs
Aa
Acta
BaCa
BadLuck
Bb
BibTeX
CCaO
CECAM
CIF
CSV
CaCO
ClNa
ClosingBrace
CommonMark
ConstantFirstComparison
Cracknell
Crystallographica
DOI
Dordrecht
DuckDB
EBNF
ECMA
EREs
Edsger
EqualityOperator
EscapedChar
ExpressionClause
ExpressionPhrase
FuzzyStringOpRhs
Hermann
IANA
IRI
IRIs
ITC
IUCr
IUPAC
IUPAC's
JSONLines
Kluwer
KnownOpRhs
LD
LF
LaTeX
Lausanne
LengthOpRhs
LowercaseLetter
Mathjax
Mauguin
NaCl
NaO
Namespace
OPTIMADE
OpenAPI
OpeningBrace
OrderedConstant
OrderedValue
POSCAR
POSIX
PropertyFirstComparison
PropertyZipAddon
Punctuator
Queryable
RDF
REs
RST
RegExp
RelativeComparisonOperator
SPDX
SetOpRhs
SetZipOpRhs
Shmueli
SiGe
SiO
Springer
Substring
Theo
URI
UTF
UnescapedChar
UnicodeHighChar
UnorderedConstant
UppercaseLetter
ValueEqRhs
ValueList
ValueListEntry
ValueOpRhs
ValueRelCompRhs
ValueZip
ValueZipList
VdW
Vinberg
Za
Zeolitic
aax
abc
acceptor
alphanumerics
annote
antlr
api
atime
atomicmassunit
backend
backends
bd
booktitle
boolean
bz
bzip
calc
cartesian
checksums
cif
codata
coreCIF
cr
crossref
csv
ctime
dalton
dataset
deNOx
dec
denox
dep
dependentRequired
describedby
deserialization
deserialized
designator
dft
dimensionality
discoverability
discoverable
doi
eb
ebnf
edf
enum
exclusiveMaximum
exclusiveMinimum
exmpl
expressivity
ferroelectric
fieldname
firstname
fjeiwoj
fullerene
gzip
hdf
hermann
howpublished
href
http
hydrogens
hydroperoxide
iec
implementers
incrementing
initio
internaldb
iri
iso
javascript
json
jsonapi
jsonc
jsonl
jsonlines
kvak
lastname
lst
maintainer's
mauguin
maxItems
maxLength
maxProperties
md
meV
metastability
mimick
minItems
minLength
minProperties
mtime
multiline
multipleOf
namespace
namespaces
nattached
nd
nelements
nl
nonperiodic
nperiodic
nsites
nullability
nullable
occupancies
octant
od
oe
ok
optimade
organisation
overbar
overbars
oxygens
param
pcre
perovskites
piezoelectic
pre
prepended
prepending
prescreen
prev
qudt
queryable
rc
rdfs
regexes
renormalize
schemas
sd
se
sectnum
sha
si
sn
sortable
spacegroup
structs
subfield
subfields
substring
substrings
supercell
supercells
symop
symops
testdb
th
thermodynamical
txt
typesetted
ucum
undelying
unescaped
uniqueItems
unitless
unrequested
unversioned
uri
uris
url
uuid
vMAJOR
vnd
vt
webpages
whitespace
xml
xy
xyz
yacc
yb
zeo
zeolites
ångström
